Table: bennett
  Columns: sno int, ach varchar(255)
Table: tennis
  Columns: sno int [PK], names varchar(255)
Table: bennett
  Columns: sno int, ach varchar(255)
Table: tennis
  Columns: sno int [PK], names varchar(255)
Table: bennett
  Columns: sno int, ach varchar(255)
Table: pen
  Columns: name varchar(255), cost decimal(10,2)
Table: tennis
  Columns: sno int [PK], names varchar(255)
Table: bennett
  Columns: sno int, ach varchar(255)
Table: pen
  Columns: name varchar(255), cost decimal(10,2)
Table: tennis
  Columns: sno int [PK], names varchar(255)
Table: bennett
  Columns: sno int, ach varchar(255)
Table: pen
  Columns: name varchar(255), cost decimal(10,2)
Table: tennis
  Columns: sno int [PK], names varchar(255)
Table: bennett
  Columns: sno int, ach varchar(255)
Table: pen
  Columns: name varchar(255), cost decimal(10,2)
Table: tennis
  Columns: sno int [PK], names varchar(255)
Table: bennett
  Columns: sno int, ach varchar(255)
Table: pen
  Columns: name varchar(255), cost decimal(10,2)
Table: sports
  Columns: id int [PK], name varchar(255), followers int
Table: tennis
  Columns: sno int [PK], names varchar(255)
Table: bennett
  Columns: sno int, ach varchar(255)
Table: pen
  Columns: name varchar(255), cost decimal(10,2)
Table: sports
  Columns: id int [PK], name varchar(255), followers int
Table: tennis
  Columns: sno int [PK], names varchar(255)
